GROUP,PACKAGE,CLASS,INSTRUCTION_MISSED,INSTRUCTION_COVERED,BRANCH_MISSED,BRANCH_COVERED,LINE_MISSED,LINE_COVERED,COMPLEXITY_MISSED,COMPLEXITY_COVERED,METHOD_MISSED,METHOD_COVERED
ToDoList,com.softserve.itacademy,ToDoListApplication,5,75,0,0,2,18,1,2,1,2
ToDoList,com.softserve.itacademy.model,User,18,41,0,0,3,18,2,12,2,12
ToDoList,com.softserve.itacademy.model,Task,47,3,0,0,16,2,11,1,11,1
ToDoList,com.softserve.itacademy.model,Role,6,20,0,0,1,9,1,6,1,6
ToDoList,com.softserve.itacademy.model,ToDo,38,20,0,0,13,9,9,5,9,5
ToDoList,com.softserve.itacademy.model,State,13,17,0,0,4,8,3,5,3,5
ToDoList,com.softserve.itacademy.model,Priority,34,0,0,0,2,0,1,0,1,0
